|SourceProjectName:OpMan.hpr
|DestinationProjectName:index.html
index_hha.hhk
index.hhc
index.hhk
OpMan\OpMan_RH_IT\Accensione_della_macchina_EDT-.htm
OpMan\OpMan_RH_IT\Accensione_e_spegnimento-.htm
OpMan\OpMan_RH_IT\Altre_convenzioni_dell_interfaccia_utente-.htm
OpMan\OpMan_RH_IT\Ambiente_della_macchina-.htm
OpMan\OpMan_RH_IT\Ambiti_esclusi_dal_manuale-.htm
OpMan\OpMan_RH_IT\Armadi_elettrici-.htm
OpMan\OpMan_RH_IT\Attivazione_manuale-.htm
OpMan\OpMan_RH_IT\Ciclo_di_funzionamento_normale_quotidiano-.htm
OpMan\OpMan_RH_IT\Colorazione_dei_numeri-.htm
OpMan\OpMan_RH_IT\Comandi-.htm
OpMan\OpMan_RH_IT\Console_operatore-.htm
OpMan\OpMan_RH_IT\Convenzioni_utilizzate_nel_manuale-.htm
OpMan\OpMan_RH_IT\Descrizione_generale_della_macchina_EDT-.htm
OpMan\OpMan_RH_IT\Disposizione_dello_schermo-.htm
OpMan\OpMan_RH_IT\Elementi_e_convenzioni_dell_interfaccia_utente-.htm
OpMan\OpMan_RH_IT\Emergenza_Operazioni_di_sicurezza-.htm
OpMan\OpMan_RH_IT\Esecuzione_automatica_visualizzazione_della_posizione-.htm
OpMan\OpMan_RH_IT\Esecuzione_automatica_visualizzazione_delle_informazioni-.htm
OpMan\OpMan_RH_IT\Estrazione_dei_fumi-.htm
OpMan\OpMan_RH_IT\Fermi-.htm
OpMan\OpMan_RH_IT\Filtro-.htm
OpMan\OpMan_RH_IT\Flusso_inverso-.htm
OpMan\OpMan_RH_IT\Funzionamento_automatico-.htm
OpMan\OpMan_RH_IT\Funzionamento_della_macchina_in_modalit_console-11d.htm
OpMan\OpMan_RH_IT\Funzionamento_della_modalit_console-s3c.htm
OpMan\OpMan_RH_IT\Funzionamento_illustrato-.htm
OpMan\OpMan_RH_IT\Funzionamento_semiautomatico-.htm
OpMan\OpMan_RH_IT\Gestione_dello_scambio_dei_serbatoi-.htm
OpMan\OpMan_RH_IT\Guida-.htm
OpMan\OpMan_RH_IT\I_parametri_di_rugosit_sono_definiti_nella_norma_ISO_4287-zte.htm
OpMan\OpMan_RH_IT\Iconografia-.htm
OpMan\OpMan_RH_IT\Iconografia1-.htm
OpMan\OpMan_RH_IT\Iconografia2-.htm
OpMan\OpMan_RH_IT\Iconografia3-.htm
OpMan\OpMan_RH_IT\Impianto_del_fluido_dielettrico-.htm
OpMan\OpMan_RH_IT\Impianto_dielettrico-.htm
OpMan\OpMan_RH_IT\Indicatori-.htm
OpMan\OpMan_RH_IT\Interfaccia_utente-.htm
OpMan\OpMan_RH_IT\Introduzione-.htm
OpMan\OpMan_RH_IT\Manipolatore_cilindro-.htm
OpMan\OpMan_RH_IT\Miscela-.htm
OpMan\OpMan_RH_IT\Misurazione_della_zigrinatura_sulla_superficie_del_cilindro-.htm
OpMan\OpMan_RH_IT\Misurazioni_periodiche-.htm
OpMan\OpMan_RH_IT\Modalit_automatica-lrb.htm
OpMan\OpMan_RH_IT\Modalit_di_navigazione-k2b.htm
OpMan\OpMan_RH_IT\Modalit_manuale-djb.htm
OpMan\OpMan_RH_IT\Modalit_manuale_e_automatica-0jc.htm
OpMan\OpMan_RH_IT\Operazioni_di_filtraggio-.htm
OpMan\OpMan_RH_IT\Pannello_di_controllo_dell_impianto_dielettrico_e_pannello_sinottico-.htm
OpMan\OpMan_RH_IT\Panoramica_dell_hardware_della_macchina_EDT-.htm
OpMan\OpMan_RH_IT\Posizioni_e_direzioni_negative_e_positive_di_spostamento-.htm
OpMan\OpMan_RH_IT\Postambolo_automatico-.htm
OpMan\OpMan_RH_IT\Principi_e_descrizione_generale-.htm
OpMan\OpMan_RH_IT\Pronto-.htm
OpMan\OpMan_RH_IT\Pulsanti_di_selezione-.htm
OpMan\OpMan_RH_IT\Punti_di_impostazione_semiautomatici-.htm
OpMan\OpMan_RH_IT\Requisiti_della_modalit_semiautomatica-wcd.htm
OpMan\OpMan_RH_IT\Riferimenti_e_impostazioni_della_macchina_EDT-.htm
OpMan\OpMan_RH_IT\Rilevamenti_statistici-.htm
OpMan\OpMan_RH_IT\Rilevamento_tipico_del_cilindro-.htm
OpMan\OpMan_RH_IT\Schema_P_ID-.htm
OpMan\OpMan_RH_IT\Scopo_del_manuale-.htm
OpMan\OpMan_RH_IT\Segnalazione_di_guasti_e_guida-.htm
OpMan\OpMan_RH_IT\Selezione_della_modalit_di_carico-6xc.htm
OpMan\OpMan_RH_IT\Sequenza_di_funzionamento-.htm
OpMan\OpMan_RH_IT\Sequenza_semiautomatica-.htm
OpMan\OpMan_RH_IT\Sistema_antincendio-.htm
OpMan\OpMan_RH_IT\Sistema_dielettrico-.htm
OpMan\OpMan_RH_IT\Smaltimento_scarico-.htm
OpMan\OpMan_RH_IT\Spegnimento_della_macchina_EDT-.htm
OpMan\OpMan_RH_IT\Stazioni_di_zigrinatura-.htm
OpMan\OpMan_RH_IT\Stazioni_di_zigrinatura1-.htm
OpMan\OpMan_RH_IT\Struttura_del_menu-.htm
OpMan\OpMan_RH_IT\Tabella_che_descrive_i_pulsanti_di_modalit_sul_comando_mobile_utente-qpf.htm
OpMan\OpMan_RH_IT\Tabella_delle_figure-.htm
OpMan\OpMan_RH_IT\Tabella_delle_figure1-.htm
OpMan\OpMan_RH_IT\Trasferimento_riempimento-.htm
OpMan\OpMan_RH_IT\Utilizzo_del_comando_mobile-.htm
OpMan\OpMan_RH_IT\Utilizzo_del_pulsante_di_emergenza-.htm
OpMan\OpMan_RH_IT\Verifiche_quotidiane_di_manutenzione-.htm
OpMan\OpMan_RH_IT\Visualizzazione_dei_risultati-.htm
OpMan\OpMan_RH_IT\Visualizzazione_del_carico_ricarico_e_scarico-.htm
Test\CCAR\tESt_Training_Guide.htm
Video\Headstock.htm
Video\Rear_Tailstock.htm
Video\Texturing_Heads.htm
template\Theme3_Black\jquery.js
template\Theme3_Black\jqueryui-custom.js
template\Theme3_Black\layout.js
Drawings\Mechanical_Drawings_and_Parts_Lists.pdf
template\Theme3_Black\overthrow.min.js
template\Theme3_Black\overthrow.sidescroller.min.js
Video\Tex_Head.mp4
index.glo
Test\CCAR\CCAR.css
CCAR.css
salesbuilder.css
template\Theme3_Black\main.css
template\Theme3_Black\jqueryui-custom.css
template\Theme3_Black\search_advanced_open.png
template\Theme3_Black\close_sidebar.png
template\Theme3_Black\topic_buttonbar_small.png
template\Theme3_Black\index_buttonbar_small.png
template\Theme3_Black\preview\glossary_mobile.png
Box_Arrow_Black_Right.gif
template\Theme3_Black\TOCTreeOpenBookSelected.png
template\Theme3_Black\search_advanced_closed.png
template\Theme3_Black\icon_back_small.png
OpMan\OpMan_RH_IT\image011.jpg
OpMan\OpMan_RH_IT\image009.jpg
OpMan\OpMan_RH_IT\image007.jpg
OpMan\OpMan_RH_IT\image342.jpg
OpMan\OpMan_RH_IT\image340.png
OpMan\OpMan_RH_IT\image338.png
OpMan\OpMan_RH_IT\image336.png
OpMan\OpMan_RH_IT\image334.jpg
OpMan\OpMan_RH_IT\image332.png
OpMan\OpMan_RH_IT\image331.png
OpMan\OpMan_RH_IT\image330.png
OpMan\OpMan_RH_IT\image329.png
OpMan\OpMan_RH_IT\image328.png
OpMan\OpMan_RH_IT\image327.png
OpMan\OpMan_RH_IT\image326.png
OpMan\OpMan_RH_IT\image325.jpg
OpMan\OpMan_RH_IT\image323.png
OpMan\OpMan_RH_IT\image321.jpg
OpMan\OpMan_RH_IT\image319.png
OpMan\OpMan_RH_IT\image318.png
OpMan\OpMan_RH_IT\image317.png
OpMan\OpMan_RH_IT\image315.png
OpMan\OpMan_RH_IT\image313.jpg
OpMan\OpMan_RH_IT\image311.jpg
OpMan\OpMan_RH_IT\image309.png
OpMan\OpMan_RH_IT\image308.png
OpMan\OpMan_RH_IT\image307.png
OpMan\OpMan_RH_IT\image306.png
OpMan\OpMan_RH_IT\image303.png
OpMan\OpMan_RH_IT\image300.png
OpMan\OpMan_RH_IT\image299.png
OpMan\OpMan_RH_IT\image292.png
OpMan\OpMan_RH_IT\image289.png
OpMan\OpMan_RH_IT\image288.png
OpMan\OpMan_RH_IT\image287.png
OpMan\OpMan_RH_IT\image282.jpg
OpMan\OpMan_RH_IT\image280.png
OpMan\OpMan_RH_IT\image278.jpg
OpMan\OpMan_RH_IT\image276.jpg
OpMan\OpMan_RH_IT\image274.jpg
OpMan\OpMan_RH_IT\image271.jpg
OpMan\OpMan_RH_IT\image269.jpg
OpMan\OpMan_RH_IT\image267.jpg
OpMan\OpMan_RH_IT\image266.jpg
OpMan\OpMan_RH_IT\image265.jpg
OpMan\OpMan_RH_IT\image264.jpg
OpMan\OpMan_RH_IT\image262.jpg
OpMan\OpMan_RH_IT\image261.jpg
OpMan\OpMan_RH_IT\image260.jpg
OpMan\OpMan_RH_IT\image259.jpg
OpMan\OpMan_RH_IT\image257.jpg
OpMan\OpMan_RH_IT\image255.jpg
OpMan\OpMan_RH_IT\image253.png
OpMan\OpMan_RH_IT\image249.png
OpMan\OpMan_RH_IT\image247.png
OpMan\OpMan_RH_IT\image244.png
OpMan\OpMan_RH_IT\image242.png
OpMan\OpMan_RH_IT\image240.png
OpMan\OpMan_RH_IT\image238.png
OpMan\OpMan_RH_IT\image234.png
OpMan\OpMan_RH_IT\image232.png
OpMan\OpMan_RH_IT\image230.png
OpMan\OpMan_RH_IT\image228.png
OpMan\OpMan_RH_IT\image224.png
OpMan\OpMan_RH_IT\image222.png
OpMan\OpMan_RH_IT\image219.png
OpMan\OpMan_RH_IT\image217.png
OpMan\OpMan_RH_IT\image211.png
OpMan\OpMan_RH_IT\image209.png
OpMan\OpMan_RH_IT\image206.png
OpMan\OpMan_RH_IT\image204.png
OpMan\OpMan_RH_IT\image202.png
OpMan\OpMan_RH_IT\image200.png
OpMan\OpMan_RH_IT\image198.png
OpMan\OpMan_RH_IT\image188.jpg
OpMan\OpMan_RH_IT\image186.png
OpMan\OpMan_RH_IT\image170.png
OpMan\OpMan_RH_IT\image165.png
OpMan\OpMan_RH_IT\image162.jpg
OpMan\OpMan_RH_IT\image160.png
OpMan\OpMan_RH_IT\image158.png
OpMan\OpMan_RH_IT\image156.png
OpMan\OpMan_RH_IT\image154.jpg
OpMan\OpMan_RH_IT\image152.jpg
OpMan\OpMan_RH_IT\image150.jpg
OpMan\OpMan_RH_IT\image148.png
OpMan\OpMan_RH_IT\image146.png
OpMan\OpMan_RH_IT\image144.png
OpMan\OpMan_RH_IT\image139.jpg
OpMan\OpMan_RH_IT\image135.png
OpMan\OpMan_RH_IT\image133.png
OpMan\OpMan_RH_IT\image131.jpg
OpMan\OpMan_RH_IT\image130.png
OpMan\OpMan_RH_IT\image128.jpg
OpMan\OpMan_RH_IT\image126.jpg
OpMan\OpMan_RH_IT\image124.jpg
OpMan\OpMan_RH_IT\image121.jpg
OpMan\OpMan_RH_IT\image119.png
OpMan\OpMan_RH_IT\image117.png
OpMan\OpMan_RH_IT\image115.png
OpMan\OpMan_RH_IT\image113.png
OpMan\OpMan_RH_IT\image112.png
OpMan\OpMan_RH_IT\image110.png
OpMan\OpMan_RH_IT\image109.png
OpMan\OpMan_RH_IT\image108.png
OpMan\OpMan_RH_IT\image107.png
OpMan\OpMan_RH_IT\image106.png
OpMan\OpMan_RH_IT\image104.png
OpMan\OpMan_RH_IT\image103.png
OpMan\OpMan_RH_IT\image095.jpg
OpMan\OpMan_RH_IT\image091.jpg
OpMan\OpMan_RH_IT\image088.jpg
OpMan\OpMan_RH_IT\image086.jpg
OpMan\OpMan_RH_IT\image076.png
OpMan\OpMan_RH_IT\image074.jpg
OpMan\OpMan_RH_IT\image067.png
OpMan\OpMan_RH_IT\image065.png
OpMan\OpMan_RH_IT\image060.jpg
OpMan\OpMan_RH_IT\image055.png
OpMan\OpMan_RH_IT\image054.png
OpMan\OpMan_RH_IT\image052.png
OpMan\OpMan_RH_IT\image050.jpg
OpMan\OpMan_RH_IT\image047.jpg
OpMan\OpMan_RH_IT\image043.png
OpMan\OpMan_RH_IT\image039.jpg
OpMan\OpMan_RH_IT\image038.jpg
OpMan\OpMan_RH_IT\image037.png
OpMan\OpMan_RH_IT\image032.png
OpMan\OpMan_RH_IT\image030.jpg
OpMan\OpMan_RH_IT\image028.jpg
OpMan\OpMan_RH_IT\image026.jpg
OpMan\OpMan_RH_IT\image024.png
OpMan\OpMan_RH_IT\image022.png
OpMan\OpMan_RH_IT\image021.jpg
OpMan\OpMan_RH_IT\image019.jpg
OpMan\OpMan_RH_IT\image018.png
OpMan\OpMan_RH_IT\image304.png
OpMan\OpMan_RH_IT\image302.png
OpMan\OpMan_RH_IT\image301.png
template\Theme3_Black\TOCTreeLink.png
template\Theme3_Black\TOCTreeLinkSelected.png
template\Theme3_Black\TOCTreeLinkHover.png
template\Theme3_Black\TOCNodeLink.png
template\Theme3_Black\preview\index_mobile.png
template\Theme3_Black\preview\index.png
OpMan\OpMan_RH_IT\image305.png
OpMan\OpMan_RH_IT\image293.png
OpMan\OpMan_RH_IT\image290.png
OpMan\OpMan_RH_IT\image283.png
OpMan\OpMan_RH_IT\image263.png
OpMan\OpMan_RH_IT\image251.jpg
OpMan\OpMan_RH_IT\image053.png
OpMan\OpMan_RH_IT\image041.jpg
OpMan\OpMan_RH_IT\image016.jpg
OpMan\OpMan_RH_IT\image015.png
OpMan\OpMan_RH_IT\image141.png
OpMan\OpMan_RH_IT\image137.png
OpMan\OpMan_RH_IT\image142.png
OpMan\OpMan_RH_IT\image014.png
OpMan\OpMan_RH_IT\image013.png
OpMan\OpMan_RH_IT\image048.png
OpMan\OpMan_RH_IT\image097.png
OpMan\OpMan_RH_IT\image006.png
OpMan\OpMan_RH_IT\image035.jpg
OpMan\OpMan_RH_IT\image034.jpg
OpMan\OpMan_RH_IT\image093.png
OpMan\OpMan_RH_IT\image089.png
OpMan\OpMan_RH_IT\image084.png
OpMan\OpMan_RH_IT\image083.png
OpMan\OpMan_RH_IT\image082.png
OpMan\OpMan_RH_IT\image081.png
OpMan\OpMan_RH_IT\image220.png
OpMan\OpMan_RH_IT\image218.png
OpMan\OpMan_RH_IT\image216.png
OpMan\OpMan_RH_IT\image214.png
OpMan\OpMan_RH_IT\image212.png
OpMan\OpMan_RH_IT\image208.png
OpMan\OpMan_RH_IT\image236.png
OpMan\OpMan_RH_IT\image226.png
OpMan\OpMan_RH_IT\image197.png
OpMan\OpMan_RH_IT\image002.jpg
OpMan\OpMan_RH_IT\image080.png
OpMan\OpMan_RH_IT\image079.png
OpMan\OpMan_RH_IT\image078.png
OpMan\OpMan_RH_IT\image072.png
OpMan\OpMan_RH_IT\image070.png
OpMan\OpMan_RH_IT\image069.png
OpMan\OpMan_RH_IT\image064.jpg
OpMan\OpMan_RH_IT\image062.png
OpMan\OpMan_RH_IT\image058.png
OpMan\OpMan_RH_IT\image057.png
OpMan\OpMan_RH_IT\image056.png
OpMan\OpMan_RH_IT\image246.png
OpMan\OpMan_RH_IT\image284.png
OpMan\OpMan_RH_IT\image102.png
OpMan\OpMan_RH_IT\image101.png
OpMan\OpMan_RH_IT\image100.png
OpMan\OpMan_RH_IT\image099.png
OpMan\OpMan_RH_IT\image122.png
OpMan\OpMan_RH_IT\image118.png
OpMan\OpMan_RH_IT\image116.png
OpMan\OpMan_RH_IT\image114.png
OpMan\OpMan_RH_IT\image001.jpg
OpMan\OpMan_RH_IT\image163.png
OpMan\OpMan_RH_IT\image159.png
OpMan\OpMan_RH_IT\image068.png
OpMan\OpMan_RH_IT\image066.png
OpMan\OpMan_RH_IT\image196.png
OpMan\OpMan_RH_IT\image195.png
OpMan\OpMan_RH_IT\image193.png
OpMan\OpMan_RH_IT\image192.png
OpMan\OpMan_RH_IT\image190.png
OpMan\OpMan_RH_IT\image184.png
OpMan\OpMan_RH_IT\image182.png
OpMan\OpMan_RH_IT\image180.png
OpMan\OpMan_RH_IT\image178.png
OpMan\OpMan_RH_IT\image176.png
OpMan\OpMan_RH_IT\image174.png
OpMan\OpMan_RH_IT\image172.png
OpMan\OpMan_RH_IT\image168.png
OpMan\OpMan_RH_IT\image166.png
OpMan\OpMan_RH_IT\image207.png
OpMan\OpMan_RH_IT\image205.png
OpMan\OpMan_RH_IT\image199.png
OpMan\OpMan_RH_IT\image004.png
OpMan\OpMan_RH_IT\image298.png
OpMan\OpMan_RH_IT\image296.png
OpMan\OpMan_RH_IT\image295.png
OpMan\OpMan_RH_IT\image294.png
OpMan\OpMan_RH_IT\image045.png
OpMan\OpMan_RH_IT\image286.png
OpMan\OpMan_RH_IT\image285.png
OpMan\OpMan_RH_IT\image273.png
OpMan\OpMan_RH_IT\image268.png
template\Theme3_Black\preview\header.png
template\Theme3_Black\BSNext_hover.png
template\Theme3_Black\BSBack_hover.png
template\Theme3_Black\ui-bg_inset-hard_100_f5f8f9_1x100.png
template\Theme3_Black\glo_buttonbar_small.png
template\Theme3_Black\toc_buttonbar_small.png
template\Theme3_Black\search_buttonbar_hover.png
template\Theme3_Black\glo_buttonbar_hover.png
template\Theme3_Black\glo_buttonbar.png
template\Theme3_Black\toc_buttonbar_hover.png
template\Theme3_Black\toc_buttonbar.png
template\Theme3_Black\preview\mobile_navigation.png
template\Theme3_Black\ui-bg_glass_95_fef1ec_1x400.png
template\Theme3_Black\ui-bg_inset-hard_100_fcfdfd_1x100.png
template\Theme3_Black\TOCTreeCloseBook.png
template\Theme3_Black\TOCTreeCloseBookSelected.png
template\Theme3_Black\ui-bg_glass_75_d0e5f5_1x400.png
template\Theme3_Black\ui-bg_glass_85_dfeffc_1x400.png
template\Theme3_Black\TOCNodeCloseBook.png
Logo_webhelp.png
template\Theme3_Black\search_buttonbar_small.png
template\Theme3_Black\preview\specialpage.png
template\Theme3_Black\preview\search.png
template\Theme3_Black\preview\sidebar.png
template\Theme3_Black\ui-bg_flat_55_fbec88_40x100.png
template\Theme3_Black\animated-overlay.gif
template\Theme3_Black\TOCTreePage.png
template\Theme3_Black\TOCTreePageSelected.png
template\Theme3_Black\TOCTreePageHover.png
template\Theme3_Black\TOCTreeOpenBook.png
template\Theme3_Black\TOCTreeOpenBookHover.png
template\Theme3_Black\ui-bg_flat_0_aaaaaa_40x100.png
template\Theme3_Black\TOCNodeUpSmall.png
template\Theme3_Black\TOCNodeOpenBook.png
template\Theme3_Black\TOCNodePage.png
template\Theme3_Black\glo_hover_buttonbar_small.png
template\Theme3_Black\toc_hover_buttonbar_small.png
template\Theme3_Black\topic_right.png
template\Theme3_Black\Print_hover.png
template\Theme3_Black\index_hover.png
template\Theme3_Black\topic_hover.png
template\Theme3_Black\preview\glossary.png
template\Theme3_Black\preview\global.png
template\Theme3_Black\TOCTreeCloseBookHover.png
template\Theme3_Black\ui-bg_gloss-wave_55_5c9ccc_500x100.png
template\Theme3_Black\select_button.png
template\Theme3_Black\search_hover_buttonbar_small.png
template\Theme3_Black\search_buttonbar.png
template\Theme3_Black\index_buttonbar_hover.png
template\Theme3_Black\preview\functionbar.png
template\Theme3_Black\BSNext.png
template\Theme3_Black\BSBack.png
template\Theme3_Black\topic_left.png
template\Theme3_Black\glo_hover.png
template\Theme3_Black\glo.png
template\Theme3_Black\Print.png
template\Theme3_Black\home_hover.png
template\Theme3_Black\home.png
template\Theme3_Black\Search.png
template\Theme3_Black\index.png
template\Theme3_Black\toc_hover.png
template\Theme3_Black\toc.png
template\Theme3_Black\logo.png
template\Theme3_Black\searchNext.png
template\Theme3_Black\searchBack.png
template\Theme3_Black\TOCNodeUp.png
template\Theme3_Black\open_sidebar.png
template\Theme3_Black\index_hover_buttonbar_small.png
template\Theme3_Black\switch.png
template\Theme3_Black\topic.png
template\Theme3_Black\index_buttonbar.png
template\Theme3_Black\to_top.png
template\Theme3_Black\preview\tocnode.png
template\Theme3_Black\preview\toctree.png
Box_Arrow_Black_Down.gif
RoboHHRE.lng
ehlpdhtm.js
SearchOptions.xml
Mobile_App_config.xml
icon1.png
whxdata\toc1.js
whxdata\toc1.new.js
whxdata\toc2.js
whxdata\toc2.new.js
whxdata\toc4.js
whxdata\toc4.new.js
whxdata\toc3.js
whxdata\toc3.new.js
whxdata\toc6.js
whxdata\toc6.new.js
whxdata\toc7.js
whxdata\toc7.new.js
whxdata\toc5.js
whxdata\toc5.new.js
whxdata\toc8.js
whxdata\toc8.new.js
whxdata\toc9.js
whxdata\toc9.new.js
whxdata\toc11.js
whxdata\toc11.new.js
whxdata\toc12.js
whxdata\toc12.new.js
whxdata\toc10.js
whxdata\toc10.new.js
whxdata\toc13.js
whxdata\toc13.new.js
whxdata\toc15.js
whxdata\toc15.new.js
whxdata\toc16.js
whxdata\toc16.new.js
whxdata\toc14.js
whxdata\toc14.new.js
whxdata\toc18.js
whxdata\toc18.new.js
whxdata\toc17.js
whxdata\toc17.new.js
whxdata\toc19.js
whxdata\toc19.new.js
whxdata\toc.js
whxdata\toc.new.js
whxdata\idata1.js
whxdata\idata1.new.js
whxdata\idata2.js
whxdata\idata2.new.js
whxdata\idata3.js
whxdata\idata3.new.js
whxdata\idata4.js
whxdata\idata4.new.js
whxdata\idata5.js
whxdata\idata5.new.js
whxdata\idata6.js
whxdata\idata6.new.js
whxdata\idata7.js
whxdata\idata7.new.js
whxdata\idata8.js
whxdata\idata8.new.js
whxdata\idata9.js
whxdata\idata9.new.js
whxdata\idata10.js
whxdata\idata10.new.js
whxdata\idx.js
whxdata\idx.new.js
whxdata\glo.js
whxdata\glo.new.js
whxdata\package_0_xml.js
whxdata\package_1_xml.js
whxdata\package_2_xml.js
whxdata\package_3_xml.js
whxdata\package_4_xml.js
whxdata\package_5_xml.js
whxdata\package_6_xml.js
whxdata\package_7_xml.js
whxdata\package_8_xml.js
whxdata\package_9_xml.js
whxdata\package_10_xml.js
whxdata\package_11_xml.js
whxdata\package_12_xml.js
whxdata\package_13_xml.js
whxdata\package_14_xml.js
whxdata\package_15_xml.js
whxdata\packageindex_xml.js
whxdata\synonym.xml
whxdata\synonym_xml.js
whxdata\topictable_0_xml.js
whxdata\topictable_1_xml.js
whxdata\topictable_2_xml.js
whxdata\topictableindex_xml.js
whxdata\whfts.xml
whxdata\whfts_xml.js
whxdata\csh.js
whxdata\window.js
projectdata.js
